<?xml version="1.0" encoding="UTF-8"?>
<!-- Generated by org.testng.reporters.JUnitReportReporter -->
<testsuite skipped="0" hostname="DESKTOP-2A0C793" name="com.maven.in.GRPtest" tests="1" failures="0" timestamp="24 Apr 2022 14:19:47 GMT" time="0.004" errors="0">
  <testcase name="tc4" time="0.004" classname="com.maven.in.GRPtest"/>
</testsuite> <!-- com.maven.in.GRPtest -->
