<?xml version="1.0" encoding="UTF-8"?>
<!-- Generated by org.testng.reporters.JUnitReportReporter -->
<testsuite skipped="0" hostname="DESKTOP-2A0C793" name="com.maven.in.Parallel3" tests="3" failures="0" timestamp="25 Apr 2022 08:26:39 GMT" time="0.000" errors="0">
  <testcase name="tc1000" time="0.000" classname="com.maven.in.Parallel3"/>
  <testcase name="tc2000" time="0.000" classname="com.maven.in.Parallel3"/>
  <testcase name="tc3000" time="0.000" classname="com.maven.in.Parallel3"/>
</testsuite> <!-- com.maven.in.Parallel3 -->
