<?xml version="1.0" encoding="UTF-8"?>
<!-- Generated by org.testng.reporters.JUnitReportReporter -->
<testsuite skipped="0" hostname="DESKTOP-2A0C793" name="com.maven.in.Parameters" tests="1" failures="0" timestamp="24 Apr 2022 13:47:19 GMT" time="11.859" errors="0">
  <testcase name="tc1" time="11.859" classname="com.maven.in.Parameters"/>
</testsuite> <!-- com.maven.in.Parameters -->
