<?xml version="1.0" encoding="UTF-8"?>
<!-- Generated by org.testng.reporters.JUnitReportReporter -->
<testsuite skipped="0" hostname="DESKTOP-2A0C793" name="com.maven.in.Test" tests="12" failures="0" timestamp="24 Apr 2022 09:51:39 GMT" time="0.046" errors="0">
  <testcase name="tc2" time="0.000" classname="com.maven.in.Test"/>
  <testcase name="tc2" time="0.015" classname="com.maven.in.Test"/>
  <testcase name="tc2" time="0.000" classname="com.maven.in.Test"/>
  <testcase name="tc2" time="0.016" classname="com.maven.in.Test"/>
  <testcase name="tc2" time="0.000" classname="com.maven.in.Test"/>
  <testcase name="tc2" time="0.000" classname="com.maven.in.Test"/>
  <testcase name="tc2" time="0.000" classname="com.maven.in.Test"/>
  <testcase name="tc2" time="0.000" classname="com.maven.in.Test"/>
  <testcase name="tc2" time="0.015" classname="com.maven.in.Test"/>
  <testcase name="tc2" time="0.000" classname="com.maven.in.Test"/>
  <testcase name="tc3" time="0.000" classname="com.maven.in.Test"/>
  <testcase name="tc1" time="0.000" classname="com.maven.in.Test"/>
</testsuite> <!-- com.maven.in.Test -->
