<?xml version="1.0" encoding="UTF-8"?>
<!-- Generated by org.testng.reporters.JUnitReportReporter -->
<testsuite skipped="0" hostname="DESKTOP-2A0C793" name="com.maven.in.Parallel2" tests="3" failures="0" timestamp="25 Apr 2022 08:26:39 GMT" time="0.031" errors="0">
  <testcase name="tc300" time="0.000" classname="com.maven.in.Parallel2"/>
  <testcase name="tc100" time="0.031" classname="com.maven.in.Parallel2"/>
  <testcase name="tc200" time="0.000" classname="com.maven.in.Parallel2"/>
</testsuite> <!-- com.maven.in.Parallel2 -->
